<?xml version="1.0" encoding="UTF-8"?>
<testng-results ignored="0" total="2" passed="2" failed="0" skipped="0">
  <reporter-output>
  </reporter-output>
  <suite started-at="2024-07-14T00:20:28 PKT" name="Smoke suite" finished-at="2024-07-14T00:22:25 PKT" duration-ms="116915">
    <groups>
    </groups>
    <test started-at="2024-07-14T00:20:28 PKT" name="Training" finished-at="2024-07-14T00:22:25 PKT" duration-ms="116915">
      <class name="tests.LoginTests">
        <test-method is-config="true" signature="setUp()[pri:0, instance:tests.LoginTests@6ab7a896]" started-at="2024-07-14T00:20:28 PKT" name="setUp" finished-at="2024-07-14T00:20:29 PKT" duration-ms="1765" status="PASS">
          <reporter-output>
          </reporter-output>
        </test-method> <!-- setUp -->
        <test-method signature="login()[pri:1, instance:tests.LoginTests@6ab7a896]" started-at="2024-07-14T00:20:29 PKT" name="login" description="Login Test" finished-at="2024-07-14T00:22:18 PKT" duration-ms="109092" status="PASS">
          <reporter-output>
          </reporter-output>
        </test-method> <!-- login -->
        <test-method signature="logout()[pri:2, instance:tests.LoginTests@6ab7a896]" started-at="2024-07-14T00:22:19 PKT" name="logout" description="Logout Test" finished-at="2024-07-14T00:22:24 PKT" depends-on-methods="tests.LoginTests.login" duration-ms="5578" status="PASS">
          <reporter-output>
          </reporter-output>
        </test-method> <!-- logout -->
        <test-method is-config="true" signature="tearDown()[pri:0, instance:tests.LoginTests@6ab7a896]" started-at="2024-07-14T00:22:24 PKT" name="tearDown" finished-at="2024-07-14T00:22:25 PKT" duration-ms="420" status="PASS">
          <reporter-output>
          </reporter-output>
        </test-method> <!-- tearDown -->
      </class> <!-- tests.LoginTests -->
    </test> <!-- Training -->
  </suite> <!-- Smoke suite -->
</testng-results>
